<?xml version="1.0" encoding="UTF-8"?>
<!-- Generated by org.testng.reporters.JUnitReportReporter -->
<testsuite skipped="0" hostname="DESKTOP-SHO86H3" name="com.qa.tests.DemoTest" tests="4" failures="0" timestamp="02 Feb 2020 02:01:22 GMT" time="0.003" errors="0">
  <testcase name="sum" time="0.000" classname="com.qa.tests.DemoTest"/>
  <testcase name="multi" time="0.000" classname="com.qa.tests.DemoTest"/>
  <testcase name="div" time="0.003" classname="com.qa.tests.DemoTest"/>
  <testcase name="sub" time="0.000" classname="com.qa.tests.DemoTest"/>
</testsuite> <!-- com.qa.tests.DemoTest -->
